TN:
SF:src\config.ts
FNF:0
FNH:0
DA:4,1
DA:33,1
DA:43,1
DA:44,7
DA:45,0
LF:5
LH:4
BRDA:19,0,0,1
BRDA:19,0,1,0
BRDA:44,1,0,0
BRDA:44,1,1,7
BRF:4
BRH:2
end_of_record
TN:
SF:src\lambda\chatHandler.ts
FN:41,(anonymous_0)
FN:52,(anonymous_1)
FN:63,(anonymous_2)
FN:82,(anonymous_3)
FN:215,(anonymous_4)
FN:222,(anonymous_5)
FN:229,(anonymous_6)
FN:237,(anonymous_7)
FN:247,(anonymous_8)
FN:251,(anonymous_9)
FN:264,validateTokenAndGetUserId
FN:292,fetchUserProfile
FN:325,fetchActiveGoals
FN:365,fetchTodayTasks
FN:406,fetchChatHistory
FN:451,buildPrompt
FN:482,(anonymous_16)
FN:492,(anonymous_17)
FN:495,(anonymous_18)
FN:506,(anonymous_19)
FN:549,executeTool
FN:595,isValidDateFormat
FN:611,createQuest
FN:723,updateQuest
FN:747,(anonymous_24)
FN:791,(anonymous_25)
FN:854,deleteQuest
FN:945,saveChatMessage
FN:983,validateRequest
FN:1034,fetchAllContext
FN:1068,invokeBedrock
FN:1175,createResponse
FN:1195,handler
FNF:33
FNH:0
FNDA:0,(anonymous_0)
FNDA:0,(anonymous_1)
FNDA:0,(anonymous_2)
FNDA:0,(anonymous_3)
FNDA:0,(anonymous_4)
FNDA:0,(anonymous_5)
FNDA:0,(anonymous_6)
FNDA:0,(anonymous_7)
FNDA:0,(anonymous_8)
FNDA:0,(anonymous_9)
FNDA:0,validateTokenAndGetUserId
FNDA:0,fetchUserProfile
FNDA:0,fetchActiveGoals
FNDA:0,fetchTodayTasks
FNDA:0,fetchChatHistory
FNDA:0,buildPrompt
FNDA:0,(anonymous_16)
FNDA:0,(anonymous_17)
FNDA:0,(anonymous_18)
FNDA:0,(anonymous_19)
FNDA:0,executeTool
FNDA:0,isValidDateFormat
FNDA:0,createQuest
FNDA:0,updateQuest
FNDA:0,(anonymous_24)
FNDA:0,(anonymous_25)
FNDA:0,deleteQuest
FNDA:0,saveChatMessage
FNDA:0,validateRequest
FNDA:0,fetchAllContext
FNDA:0,invokeBedrock
FNDA:0,createResponse
FNDA:0,handler
DA:2,0
DA:6,0
DA:7,0
DA:15,0
DA:16,0
DA:19,0
DA:20,0
DA:21,0
DA:22,0
DA:23,0
DA:24,0
DA:25,0
DA:28,0
DA:29,0
DA:30,0
DA:33,0
DA:42,0
DA:53,0
DA:64,0
DA:83,0
DA:95,0
DA:216,0
DA:217,0
DA:223,0
DA:224,0
DA:230,0
DA:231,0
DA:232,0
DA:238,0
DA:239,0
DA:240,0
DA:247,0
DA:248,0
DA:251,0
DA:254,0
DA:255,0
DA:265,0
DA:266,0
DA:270,0
DA:271,0
DA:273,0
DA:274,0
DA:277,0
DA:278,0
DA:280,0
DA:281,0
DA:293,0
DA:294,0
DA:296,0
DA:301,0
DA:303,0
DA:304,0
DA:305,0
DA:307,0
DA:308,0
DA:311,0
DA:315,0
DA:326,0
DA:327,0
DA:329,0
DA:342,0
DA:343,0
DA:345,0
DA:349,0
DA:351,0
DA:355,0
DA:366,0
DA:367,0
DA:368,0
DA:370,0
DA:380,0
DA:381,0
DA:383,0
DA:388,0
DA:390,0
DA:395,0
DA:410,0
DA:411,0
DA:413,0
DA:423,0
DA:424,0
DA:427,0
DA:429,0
DA:434,0
DA:436,0
DA:441,0
DA:452,0
DA:455,0
DA:473,0
DA:475,0
DA:476,0
DA:477,0
DA:480,0
DA:481,0
DA:482,0
DA:483,0
DA:484,0
DA:485,0
DA:487,0
DA:490,0
DA:491,0
DA:492,0
DA:493,0
DA:494,0
DA:495,0
DA:496,0
DA:498,0
DA:500,0
DA:504,0
DA:505,0
DA:506,0
DA:507,0
DA:511,0
DA:515,0
DA:518,0
DA:554,0
DA:555,0
DA:560,0
DA:567,0
DA:569,0
DA:570,0
DA:572,0
DA:574,0
DA:576,0
DA:578,0
DA:581,0
DA:586,0
DA:596,0
DA:597,0
DA:599,0
DA:600,0
DA:615,0
DA:618,0
DA:619,0
DA:622,0
DA:623,0
DA:627,0
DA:628,0
DA:631,0
DA:633,0
DA:634,0
DA:636,0
DA:638,0
DA:647,0
DA:652,0
DA:654,0
DA:661,0
DA:662,0
DA:664,0
DA:665,0
DA:667,0
DA:679,0
DA:680,0
DA:681,0
DA:683,0
DA:686,0
DA:691,0
DA:693,0
DA:701,0
DA:704,0
DA:706,0
DA:707,0
DA:709,0
DA:710,0
DA:727,0
DA:730,0
DA:731,0
DA:734,0
DA:735,0
DA:742,0
DA:746,0
DA:747,0
DA:750,0
DA:751,0
DA:757,0
DA:759,0
DA:763,0
DA:764,0
DA:771,0
DA:772,0
DA:775,0
DA:776,0
DA:779,0
DA:780,0
DA:782,0
DA:784,0
DA:785,0
DA:786,0
DA:789,0
DA:791,0
DA:792,0
DA:793,0
DA:795,0
DA:796,0
DA:797,0
DA:801,0
DA:803,0
DA:816,0
DA:818,0
DA:822,0
DA:830,0
DA:832,0
DA:833,0
DA:834,0
DA:836,0
DA:841,0
DA:858,0
DA:861,0
DA:862,0
DA:865,0
DA:866,0
DA:868,0
DA:870,0
DA:878,0
DA:880,0
DA:881,0
DA:886,0
DA:890,0
DA:895,0
DA:907,0
DA:909,0
DA:916,0
DA:918,0
DA:919,0
DA:921,0
DA:922,0
DA:927,0
DA:929,0
DA:934,0
DA:950,0
DA:951,0
DA:959,0
DA:964,0
DA:966,0
DA:972,0
DA:973,0
DA:986,0
DA:989,0
DA:990,0
DA:996,0
DA:997,0
DA:998,0
DA:1001,0
DA:1004,0
DA:1008,0
DA:1009,0
DA:1011,0
DA:1014,0
DA:1016,0
DA:1017,0
DA:1020,0
DA:1021,0
DA:1026,0
DA:1035,0
DA:1037,0
DA:1046,0
DA:1054,0
DA:1071,0
DA:1072,0
DA:1074,0
DA:1081,0
DA:1083,0
DA:1084,0
DA:1088,0
DA:1089,0
DA:1090,0
DA:1091,0
DA:1093,0
DA:1094,0
DA:1095,0
DA:1099,0
DA:1100,0
DA:1103,0
DA:1104,0
DA:1105,0
DA:1106,0
DA:1107,0
DA:1108,0
DA:1109,0
DA:1110,0
DA:1111,0
DA:1112,0
DA:1113,0
DA:1114,0
DA:1115,0
DA:1119,0
DA:1120,0
DA:1125,0
DA:1133,0
DA:1134,0
DA:1135,0
DA:1137,0
DA:1140,0
DA:1144,0
DA:1146,0
DA:1147,0
DA:1151,0
DA:1152,0
DA:1153,0
DA:1154,0
DA:1158,0
DA:1159,0
DA:1160,0
DA:1164,0
DA:1165,0
DA:1176,0
DA:1195,0
DA:1198,0
DA:1200,0
DA:1206,0
DA:1208,0
DA:1210,0
DA:1217,0
DA:1220,0
DA:1223,0
DA:1228,0
DA:1230,0
DA:1233,0
DA:1234,0
DA:1235,0
DA:1236,0
DA:1243,0
DA:1244,0
DA:1246,0
DA:1248,0
DA:1253,0
DA:1257,0
DA:1259,0
DA:1260,0
DA:1261,0
DA:1262,0
DA:1265,0
DA:1271,0
DA:1275,0
DA:1277,0
DA:1284,0
DA:1290,0
DA:1293,0
DA:1294,0
DA:1295,0
DA:1301,0
DA:1302,0
DA:1308,0
DA:1309,0
DA:1316,0
LF:345
LH:0
BRDA:70,0,0,0
BRDA:70,0,1,0
BRDA:248,1,0,0
BRDA:248,1,1,0
BRDA:254,2,0,0
BRDA:254,2,1,0
BRDA:255,3,0,0
BRDA:255,3,1,0
BRDA:273,4,0,0
BRDA:273,4,1,0
BRDA:303,5,0,0
BRDA:303,5,1,0
BRDA:343,6,0,0
BRDA:343,6,1,0
BRDA:381,7,0,0
BRDA:381,7,1,0
BRDA:408,8,0,0
BRDA:424,9,0,0
BRDA:424,9,1,0
BRDA:456,10,0,0
BRDA:456,10,1,0
BRDA:475,11,0,0
BRDA:475,11,1,0
BRDA:480,12,0,0
BRDA:480,12,1,0
BRDA:484,13,0,0
BRDA:484,13,1,0
BRDA:490,14,0,0
BRDA:490,14,1,0
BRDA:494,15,0,0
BRDA:494,15,1,0
BRDA:496,16,0,0
BRDA:496,16,1,0
BRDA:505,17,0,0
BRDA:505,17,1,0
BRDA:507,18,0,0
BRDA:507,18,1,0
BRDA:554,19,0,0
BRDA:554,19,1,0
BRDA:554,20,0,0
BRDA:554,20,1,0
BRDA:570,21,0,0
BRDA:570,21,1,0
BRDA:570,21,2,0
BRDA:570,21,3,0
BRDA:597,22,0,0
BRDA:597,22,1,0
BRDA:600,23,0,0
BRDA:600,23,1,0
BRDA:618,24,0,0
BRDA:618,24,1,0
BRDA:618,25,0,0
BRDA:618,25,1,0
BRDA:622,26,0,0
BRDA:622,26,1,0
BRDA:627,27,0,0
BRDA:627,27,1,0
BRDA:627,28,0,0
BRDA:627,28,1,0
BRDA:634,29,0,0
BRDA:634,29,1,0
BRDA:662,30,0,0
BRDA:662,30,1,0
BRDA:665,31,0,0
BRDA:665,31,1,0
BRDA:679,32,0,0
BRDA:679,32,1,0
BRDA:680,33,0,0
BRDA:680,33,1,0
BRDA:680,34,0,0
BRDA:680,34,1,0
BRDA:706,35,0,0
BRDA:706,35,1,0
BRDA:730,36,0,0
BRDA:730,36,1,0
BRDA:730,37,0,0
BRDA:730,37,1,0
BRDA:734,38,0,0
BRDA:734,38,1,0
BRDA:734,39,0,0
BRDA:734,39,1,0
BRDA:742,40,0,0
BRDA:742,40,1,0
BRDA:747,41,0,0
BRDA:747,41,1,0
BRDA:750,42,0,0
BRDA:750,42,1,0
BRDA:757,43,0,0
BRDA:757,43,1,0
BRDA:759,44,0,0
BRDA:759,44,1,0
BRDA:763,45,0,0
BRDA:763,45,1,0
BRDA:771,46,0,0
BRDA:771,46,1,0
BRDA:771,47,0,0
BRDA:771,47,1,0
BRDA:775,48,0,0
BRDA:775,48,1,0
BRDA:775,49,0,0
BRDA:775,49,1,0
BRDA:779,50,0,0
BRDA:779,50,1,0
BRDA:780,51,0,0
BRDA:780,51,1,0
BRDA:818,52,0,0
BRDA:818,52,1,0
BRDA:832,53,0,0
BRDA:832,53,1,0
BRDA:861,54,0,0
BRDA:861,54,1,0
BRDA:861,55,0,0
BRDA:861,55,1,0
BRDA:865,56,0,0
BRDA:865,56,1,0
BRDA:866,57,0,0
BRDA:866,57,1,0
BRDA:880,58,0,0
BRDA:880,58,1,0
BRDA:890,59,0,0
BRDA:890,59,1,0
BRDA:918,60,0,0
BRDA:918,60,1,0
BRDA:921,61,0,0
BRDA:921,61,1,0
BRDA:989,62,0,0
BRDA:989,62,1,0
BRDA:997,63,0,0
BRDA:997,63,1,0
BRDA:997,64,0,0
BRDA:997,64,1,0
BRDA:1009,65,0,0
BRDA:1009,65,1,0
BRDA:1016,66,0,0
BRDA:1016,66,1,0
BRDA:1016,67,0,0
BRDA:1016,67,1,0
BRDA:1020,68,0,0
BRDA:1020,68,1,0
BRDA:1083,69,0,0
BRDA:1083,69,1,0
BRDA:1094,70,0,0
BRDA:1094,70,1,0
BRDA:1099,71,0,0
BRDA:1099,71,1,0
BRDA:1099,72,0,0
BRDA:1099,72,1,0
BRDA:1103,73,0,0
BRDA:1103,73,1,0
BRDA:1108,74,0,0
BRDA:1108,74,1,0
BRDA:1112,75,0,0
BRDA:1112,75,1,0
BRDA:1114,76,0,0
BRDA:1114,76,1,0
BRDA:1119,77,0,0
BRDA:1119,77,1,0
BRDA:1133,78,0,0
BRDA:1133,78,1,0
BRDA:1133,79,0,0
BRDA:1133,79,1,0
BRDA:1146,80,0,0
BRDA:1146,80,1,0
BRDA:1151,81,0,0
BRDA:1151,81,1,0
BRDA:1152,82,0,0
BRDA:1152,82,1,0
BRDA:1158,83,0,0
BRDA:1158,83,1,0
BRDA:1203,84,0,0
BRDA:1203,84,1,0
BRDA:1233,85,0,0
BRDA:1233,85,1,0
BRDA:1235,86,0,0
BRDA:1235,86,1,0
BRDA:1259,87,0,0
BRDA:1259,87,1,0
BRDA:1261,88,0,0
BRDA:1261,88,1,0
BRDA:1293,89,0,0
BRDA:1293,89,1,0
BRDA:1294,90,0,0
BRDA:1294,90,1,0
BRDA:1301,91,0,0
BRDA:1301,91,1,0
BRDA:1308,92,0,0
BRDA:1308,92,1,0
BRF:187
BRH:0
end_of_record
TN:
SF:src\lambda\chatHandler\index.ts
FN:36,(anonymous_0)
FN:40,(anonymous_1)
FN:54,validateRequest
FN:99,handler
FNF:4
FNH:4
FNDA:60,(anonymous_0)
FNDA:28,(anonymous_1)
FNDA:30,validateRequest
FNDA:30,handler
DA:6,2
DA:9,2
DA:10,2
DA:11,2
DA:15,2
DA:18,2
DA:19,2
DA:23,2
DA:30,2
DA:36,2
DA:37,60
DA:40,2
DA:43,28
DA:44,28
DA:57,30
DA:60,30
DA:61,2
DA:67,28
DA:68,28
DA:72,24
DA:73,24
DA:75,1
DA:78,23
DA:80,23
DA:81,5
DA:84,18
DA:85,2
DA:90,16
DA:99,2
DA:102,30
DA:104,30
DA:110,30
DA:112,30
DA:114,16
DA:121,16
DA:124,15
DA:127,15
DA:132,13
DA:134,12
DA:137,12
DA:138,6
DA:139,6
DA:140,6
DA:147,6
DA:148,4
DA:150,4
DA:152,0
DA:157,0
DA:161,2
DA:163,2
DA:164,2
DA:165,0
DA:166,0
DA:169,0
DA:175,6
DA:179,12
DA:181,12
DA:188,10
DA:195,20
DA:198,20
DA:199,11
DA:200,11
DA:203,9
DA:204,3
DA:207,6
DA:208,2
DA:215,4
DA:216,2
DA:224,2
LF:69
LH:64
BRDA:37,0,0,60
BRDA:37,0,1,0
BRDA:43,1,0,28
BRDA:43,1,1,0
BRDA:44,2,0,28
BRDA:44,2,1,0
BRDA:60,3,0,2
BRDA:60,3,1,28
BRDA:73,4,0,24
BRDA:73,4,1,1
BRDA:80,5,0,5
BRDA:80,5,1,18
BRDA:80,6,0,23
BRDA:80,6,1,19
BRDA:84,7,0,2
BRDA:84,7,1,16
BRDA:107,8,0,30
BRDA:107,8,1,30
BRDA:137,9,0,6
BRDA:137,9,1,6
BRDA:139,10,0,6
BRDA:139,10,1,0
BRDA:163,11,0,2
BRDA:163,11,1,0
BRDA:165,12,0,0
BRDA:165,12,1,0
BRDA:198,13,0,11
BRDA:198,13,1,9
BRDA:199,14,0,1
BRDA:199,14,1,10
BRDA:203,15,0,3
BRDA:203,15,1,6
BRDA:207,16,0,2
BRDA:207,16,1,4
BRDA:215,17,0,2
BRDA:215,17,1,2
BRF:36
BRH:29
end_of_record
TN:
SF:src\services\authService.ts
FN:23,verifyTokenAndGetUserId
FNF:1
FNH:1
FNDA:28,verifyTokenAndGetUserId
DA:4,1
DA:5,1
DA:6,1
DA:7,1
DA:10,1
DA:23,1
DA:27,28
DA:28,8
DA:31,20
DA:32,20
DA:33,20
DA:37,20
DA:38,9
DA:40,8
DA:41,4
DA:44,4
DA:45,4
DA:47,16
DA:50,16
DA:51,4
DA:55,12
LF:21
LH:21
BRDA:27,0,0,8
BRDA:27,0,1,20
BRDA:27,1,0,28
BRDA:27,1,1,24
BRDA:40,2,0,4
BRDA:40,2,1,4
BRDA:50,3,0,4
BRDA:50,3,1,12
BRF:8
BRH:8
end_of_record
TN:
SF:src\services\bedrockService.ts
FN:81,buildPrompt
FN:112,(anonymous_1)
FN:122,(anonymous_2)
FN:125,(anonymous_3)
FN:136,(anonymous_4)
FN:177,invokeBedrock
FNF:6
FNH:0
FNDA:0,buildPrompt
FNDA:0,(anonymous_1)
FNDA:0,(anonymous_2)
FNDA:0,(anonymous_3)
FNDA:0,(anonymous_4)
FNDA:0,invokeBedrock
DA:4,0
DA:8,0
DA:10,0
DA:11,0
DA:14,0
DA:19,0
DA:81,0
DA:82,0
DA:85,0
DA:103,0
DA:105,0
DA:106,0
DA:107,0
DA:110,0
DA:111,0
DA:112,0
DA:113,0
DA:114,0
DA:115,0
DA:117,0
DA:120,0
DA:121,0
DA:122,0
DA:123,0
DA:124,0
DA:125,0
DA:126,0
DA:128,0
DA:130,0
DA:134,0
DA:135,0
DA:136,0
DA:137,0
DA:141,0
DA:145,0
DA:148,0
DA:177,0
DA:178,0
DA:179,0
DA:181,0
DA:188,0
DA:190,0
DA:191,0
DA:195,0
DA:196,0
DA:197,0
DA:198,0
DA:200,0
DA:201,0
DA:202,0
DA:206,0
DA:207,0
DA:210,0
DA:211,0
DA:212,0
DA:213,0
DA:214,0
DA:215,0
DA:216,0
DA:217,0
DA:218,0
DA:219,0
DA:220,0
DA:221,0
DA:222,0
DA:226,0
DA:227,0
DA:232,0
DA:240,0
DA:241,0
DA:242,0
DA:244,0
DA:247,0
DA:251,0
DA:253,0
DA:254,0
DA:258,0
DA:259,0
DA:260,0
DA:261,0
DA:265,0
DA:266,0
DA:267,0
DA:271,0
DA:272,0
LF:85
LH:0
BRDA:86,0,0,0
BRDA:86,0,1,0
BRDA:105,1,0,0
BRDA:105,1,1,0
BRDA:110,2,0,0
BRDA:110,2,1,0
BRDA:114,3,0,0
BRDA:114,3,1,0
BRDA:120,4,0,0
BRDA:120,4,1,0
BRDA:124,5,0,0
BRDA:124,5,1,0
BRDA:126,6,0,0
BRDA:126,6,1,0
BRDA:135,7,0,0
BRDA:135,7,1,0
BRDA:137,8,0,0
BRDA:137,8,1,0
BRDA:190,9,0,0
BRDA:190,9,1,0
BRDA:201,10,0,0
BRDA:201,10,1,0
BRDA:206,11,0,0
BRDA:206,11,1,0
BRDA:206,12,0,0
BRDA:206,12,1,0
BRDA:210,13,0,0
BRDA:210,13,1,0
BRDA:215,14,0,0
BRDA:215,14,1,0
BRDA:219,15,0,0
BRDA:219,15,1,0
BRDA:221,16,0,0
BRDA:221,16,1,0
BRDA:226,17,0,0
BRDA:226,17,1,0
BRDA:240,18,0,0
BRDA:240,18,1,0
BRDA:240,19,0,0
BRDA:240,19,1,0
BRDA:253,20,0,0
BRDA:253,20,1,0
BRDA:258,21,0,0
BRDA:258,21,1,0
BRDA:259,22,0,0
BRDA:259,22,1,0
BRDA:265,23,0,0
BRDA:265,23,1,0
BRF:48
BRH:0
end_of_record
TN:
SF:src\services\toolExecutor.ts
FN:18,executeTool
FN:67,createQuest
FN:97,updateQuest
FN:131,deleteQuest
FNF:4
FNH:0
FNDA:0,executeTool
FNDA:0,createQuest
FNDA:0,updateQuest
FNDA:0,deleteQuest
DA:5,0
DA:6,0
DA:7,0
DA:8,0
DA:18,0
DA:23,0
DA:24,0
DA:29,0
DA:36,0
DA:38,0
DA:39,0
DA:41,0
DA:43,0
DA:45,0
DA:47,0
DA:50,0
DA:55,0
DA:71,0
DA:73,0
DA:74,0
DA:75,0
DA:77,0
DA:78,0
DA:79,0
DA:80,0
DA:82,0
DA:85,0
DA:101,0
DA:103,0
DA:104,0
DA:107,0
DA:108,0
DA:113,0
DA:114,0
DA:115,0
DA:116,0
DA:119,0
DA:135,0
DA:137,0
DA:138,0
DA:141,0
DA:142,0
DA:143,0
DA:144,0
DA:147,0
LF:45
LH:0
BRDA:23,0,0,0
BRDA:23,0,1,0
BRDA:23,1,0,0
BRDA:23,1,1,0
BRDA:39,2,0,0
BRDA:39,2,1,0
BRDA:39,2,2,0
BRDA:39,2,3,0
BRDA:73,3,0,0
BRDA:73,3,1,0
BRDA:74,4,0,0
BRDA:74,4,1,0
BRDA:78,5,0,0
BRDA:78,5,1,0
BRDA:79,6,0,0
BRDA:79,6,1,0
BRDA:103,7,0,0
BRDA:103,7,1,0
BRDA:107,8,0,0
BRDA:107,8,1,0
BRDA:113,9,0,0
BRDA:113,9,1,0
BRDA:115,10,0,0
BRDA:115,10,1,0
BRDA:137,11,0,0
BRDA:137,11,1,0
BRDA:141,12,0,0
BRDA:141,12,1,0
BRDA:143,13,0,0
BRDA:143,13,1,0
BRF:30
BRH:0
end_of_record
TN:
SF:src\services\database\chatMessages.ts
FN:20,fetchUserProfile
FN:56,fetchChatHistory
FN:102,saveChatMessage
FN:139,getContextForUser
FNF:4
FNH:4
FNDA:5,fetchUserProfile
FNDA:10,fetchChatHistory
FNDA:3,saveChatMessage
FNDA:5,getContextForUser
DA:4,1
DA:5,1
DA:6,1
DA:7,1
DA:9,1
DA:10,1
DA:11,1
DA:12,1
DA:20,1
DA:23,5
DA:24,5
DA:26,5
DA:31,5
DA:33,4
DA:34,2
DA:35,2
DA:37,1
DA:38,1
DA:41,2
DA:45,2
DA:56,1
DA:60,10
DA:61,10
DA:63,10
DA:73,10
DA:74,9
DA:77,6
DA:79,6
DA:84,6
DA:86,4
DA:91,4
DA:102,1
DA:107,3
DA:108,3
DA:116,3
DA:121,3
DA:123,2
DA:129,1
DA:130,1
DA:139,1
DA:140,5
DA:142,5
DA:151,3
DA:159,3
LF:44
LH:44
BRDA:33,0,0,2
BRDA:33,0,1,1
BRDA:58,1,0,4
BRDA:74,2,0,9
BRDA:74,2,1,1
BRF:5
BRH:5
end_of_record
TN:
SF:src\services\database\client.ts
FNF:0
FNH:0
DA:4,0
DA:5,0
DA:6,0
DA:9,0
DA:10,0
LF:5
LH:0
BRF:0
BRH:0
end_of_record
TN:
SF:src\services\database\goals.ts
FN:28,fetchActiveGoals
FN:70,createGoal
FN:129,updateGoal
FN:154,(anonymous_3)
FN:182,(anonymous_4)
FN:238,deleteGoal
FNF:6
FNH:3
FNDA:4,fetchActiveGoals
FNDA:4,createGoal
FNDA:0,updateGoal
FNDA:0,(anonymous_3)
FNDA:0,(anonymous_4)
FNDA:3,deleteGoal
DA:4,1
DA:11,1
DA:12,1
DA:13,1
DA:15,1
DA:20,1
DA:28,1
DA:29,4
DA:30,4
DA:32,4
DA:45,4
DA:46,3
DA:48,2
DA:52,2
DA:54,2
DA:58,2
DA:70,1
DA:75,4
DA:76,2
DA:79,2
DA:80,0
DA:85,2
DA:86,2
DA:88,2
DA:89,2
DA:98,2
DA:103,2
DA:105,1
DA:112,1
DA:114,1
DA:115,1
DA:129,1
DA:135,0
DA:136,0
DA:139,0
DA:140,0
DA:146,0
DA:153,0
DA:154,0
DA:157,0
DA:158,0
DA:164,0
DA:165,0
DA:166,0
DA:167,0
DA:173,0
DA:175,0
DA:176,0
DA:177,0
DA:180,0
DA:182,0
DA:183,0
DA:184,0
DA:186,0
DA:187,0
DA:188,0
DA:192,0
DA:194,0
DA:207,0
DA:208,0
DA:210,0
DA:218,0
DA:220,0
DA:221,0
DA:222,0
DA:224,0
DA:225,0
DA:238,1
DA:243,3
DA:244,0
DA:247,3
DA:249,3
DA:257,3
DA:259,2
DA:260,1
DA:261,1
DA:264,1
DA:267,1
DA:279,1
DA:281,1
DA:288,1
DA:290,2
DA:291,1
DA:293,1
DA:294,0
DA:298,0
DA:300,1
DA:301,1
LF:88
LH:49
BRDA:46,0,0,3
BRDA:46,0,1,0
BRDA:75,1,0,2
BRDA:75,1,1,2
BRDA:75,2,0,4
BRDA:75,2,1,2
BRDA:79,3,0,0
BRDA:79,3,1,2
BRDA:135,4,0,0
BRDA:135,4,1,0
BRDA:135,5,0,0
BRDA:135,5,1,0
BRDA:139,6,0,0
BRDA:139,6,1,0
BRDA:139,7,0,0
BRDA:139,7,1,0
BRDA:154,8,0,0
BRDA:154,8,1,0
BRDA:157,9,0,0
BRDA:157,9,1,0
BRDA:164,10,0,0
BRDA:164,10,1,0
BRDA:166,11,0,0
BRDA:166,11,1,0
BRDA:220,12,0,0
BRDA:220,12,1,0
BRDA:243,13,0,0
BRDA:243,13,1,3
BRDA:243,14,0,3
BRDA:243,14,1,3
BRDA:259,15,0,1
BRDA:259,15,1,1
BRDA:290,16,0,1
BRDA:290,16,1,1
BRDA:293,17,0,0
BRDA:293,17,1,1
BRF:36
BRH:14
end_of_record
TN:
SF:src\services\database\tasks.ts
FN:27,isValidDateFormat
FN:41,fetchTodayTasks
FN:85,createTask
FN:166,updateTask
FN:192,(anonymous_4)
FN:225,(anonymous_5)
FN:281,deleteTask
FNF:7
FNH:4
FNDA:5,isValidDateFormat
FNDA:4,fetchTodayTasks
FNDA:5,createTask
FNDA:0,updateTask
FNDA:0,(anonymous_4)
FNDA:0,(anonymous_5)
FNDA:3,deleteTask
DA:4,1
DA:11,1
DA:12,1
DA:13,1
DA:15,1
DA:20,1
DA:28,5
DA:29,5
DA:31,3
DA:32,3
DA:41,1
DA:42,4
DA:43,4
DA:44,4
DA:46,4
DA:56,4
DA:57,3
DA:59,2
DA:64,2
DA:66,2
DA:71,2
DA:85,1
DA:92,5
DA:93,0
DA:96,5
DA:97,0
DA:103,5
DA:104,2
DA:107,3
DA:108,3
DA:109,3
DA:111,3
DA:112,3
DA:124,3
DA:125,1
DA:126,0
DA:128,1
DA:131,3
DA:136,3
DA:138,2
DA:146,2
DA:148,1
DA:149,0
DA:151,1
DA:152,1
DA:166,1
DA:172,0
DA:173,0
DA:176,0
DA:177,0
DA:183,0
DA:191,0
DA:192,0
DA:195,0
DA:196,0
DA:202,0
DA:203,0
DA:204,0
DA:205,0
DA:212,0
DA:213,0
DA:216,0
DA:218,0
DA:219,0
DA:220,0
DA:223,0
DA:225,0
DA:226,0
DA:227,0
DA:229,0
DA:230,0
DA:231,0
DA:235,0
DA:237,0
DA:250,0
DA:251,0
DA:253,0
DA:261,0
DA:263,0
DA:264,0
DA:265,0
DA:267,0
DA:268,0
DA:281,1
DA:286,3
DA:287,0
DA:290,3
DA:292,3
DA:300,3
DA:302,2
DA:303,1
DA:304,1
DA:307,1
DA:310,1
DA:322,1
DA:324,1
DA:331,1
DA:333,2
DA:334,1
DA:336,1
DA:337,0
DA:341,0
DA:343,1
DA:344,1
LF:104
LH:60
BRDA:29,0,0,2
BRDA:29,0,1,3
BRDA:32,1,0,3
BRDA:32,1,1,3
BRDA:57,2,0,3
BRDA:57,2,1,0
BRDA:92,3,0,0
BRDA:92,3,1,5
BRDA:92,4,0,5
BRDA:92,4,1,5
BRDA:96,5,0,0
BRDA:96,5,1,5
BRDA:103,6,0,2
BRDA:103,6,1,3
BRDA:103,7,0,5
BRDA:103,7,1,5
BRDA:109,8,0,3
BRDA:109,8,1,0
BRDA:124,9,0,1
BRDA:124,9,1,2
BRDA:125,10,0,0
BRDA:125,10,1,1
BRDA:125,11,0,1
BRDA:125,11,1,1
BRDA:148,12,0,0
BRDA:148,12,1,1
BRDA:172,13,0,0
BRDA:172,13,1,0
BRDA:172,14,0,0
BRDA:172,14,1,0
BRDA:176,15,0,0
BRDA:176,15,1,0
BRDA:176,16,0,0
BRDA:176,16,1,0
BRDA:192,17,0,0
BRDA:192,17,1,0
BRDA:195,18,0,0
BRDA:195,18,1,0
BRDA:202,19,0,0
BRDA:202,19,1,0
BRDA:204,20,0,0
BRDA:204,20,1,0
BRDA:212,21,0,0
BRDA:212,21,1,0
BRDA:212,22,0,0
BRDA:212,22,1,0
BRDA:263,23,0,0
BRDA:263,23,1,0
BRDA:286,24,0,0
BRDA:286,24,1,3
BRDA:286,25,0,3
BRDA:286,25,1,3
BRDA:302,26,0,1
BRDA:302,26,1,1
BRDA:333,27,0,1
BRDA:333,27,1,1
BRDA:336,28,0,0
BRDA:336,28,1,1
BRF:58
BRH:28
end_of_record
TN:
SF:src\utils\errors.ts
FN:6,(anonymous_0)
FN:13,(anonymous_1)
FN:20,(anonymous_2)
FN:29,(anonymous_3)
FN:39,(anonymous_4)
FNF:5
FNH:5
FNDA:40,(anonymous_0)
FNDA:27,(anonymous_1)
FNDA:13,(anonymous_2)
FNDA:39,(anonymous_3)
FNDA:17,(anonymous_4)
DA:5,7
DA:7,40
DA:8,40
DA:12,7
DA:14,27
DA:15,27
DA:19,7
DA:21,13
DA:22,13
DA:26,7
DA:30,39
DA:31,39
DA:32,39
DA:36,7
DA:40,17
DA:41,17
DA:42,17
LF:17
LH:17
BRF:0
BRH:0
end_of_record
TN:
SF:src\utils\logger.ts
FN:9,(anonymous_0)
FN:11,(anonymous_1)
FN:22,(anonymous_2)
FN:33,(anonymous_3)
FN:44,(anonymous_4)
FN:63,(anonymous_5)
FNF:6
FNH:6
FNDA:22,(anonymous_0)
FNDA:154,(anonymous_1)
FNDA:9,(anonymous_2)
FNDA:3,(anonymous_3)
FNDA:7,(anonymous_4)
FNDA:3,(anonymous_5)
DA:5,1
DA:10,22
DA:11,22
DA:12,154
DA:13,33
DA:14,1
DA:16,32
DA:18,153
DA:23,9
DA:34,3
DA:45,7
DA:64,3
LF:12
LH:12
BRDA:12,0,0,33
BRDA:12,0,1,121
BRDA:12,1,0,154
BRDA:12,1,1,34
BRDA:13,2,0,1
BRDA:13,2,1,32
BRDA:51,3,0,4
BRDA:51,3,1,3
BRF:8
BRH:8
end_of_record
TN:
SF:src\utils\responses.ts
FN:12,createResponse
FN:35,createSuccessResponse
FN:53,createErrorResponse
FNF:3
FNH:3
FNDA:68,createResponse
FNDA:17,createSuccessResponse
FNDA:36,createErrorResponse
DA:12,3
DA:16,68
DA:35,3
DA:39,17
DA:53,3
DA:58,36
LF:6
LH:6
BRDA:42,0,0,17
BRDA:42,0,1,12
BRDA:61,1,0,36
BRDA:61,1,1,21
BRF:4
BRH:4
end_of_record
